[debug] > Exec(run, None, None)
[debug] Evaluating tasks: Compile / run
[debug] Running task... Cancel: Signal, check cycles: false, forcegc: true
[info] compiling 1 Scala source to C:\Users\opala\IdeaProjects\Assignment7\target\scala-2.13\classes ...
[info] done compiling
[warn] In the last 10 seconds, 5.862 (63,6%) were spent in GC. [Heap: 0,06GB free of 1,50GB, max 1,50GB] Consider increasing the JVM heap using `-Xmx` or try a different collector, e.g. `-XX:+UseG1GC`, for better performance.
[warn] In the last 9 seconds, 8.207 (94,6%) were spent in GC. [Heap: 0,01GB free of 1,50GB, max 1,50GB] Consider increasing the JVM heap using `-Xmx` or try a different collector, e.g. `-XX:+UseG1GC`, for better performance.
[warn] In the last 10 seconds, 8.984 (99,1%) were spent in GC. [Heap: 0,00GB free of 1,50GB, max 1,50GB] Consider increasing the JVM heap using `-Xmx` or try a different collector, e.g. `-XX:+UseG1GC`, for better performance.
[warn] In the last 10 seconds, 9.032 (98,6%) were spent in GC. [Heap: 0,00GB free of 1,50GB, max 1,50GB] Consider increasing the JVM heap using `-Xmx` or try a different collector, e.g. `-XX:+UseG1GC`, for better performance.
[warn] In the last 9 seconds, 5.763 (64,4%) were spent in GC. [Heap: 0,01GB free of 1,50GB, max 1,50GB] Consider increasing the JVM heap using `-Xmx` or try a different collector, e.g. `-XX:+UseG1GC`, for better performance.
[warn] In the last 10 seconds, 9.725 (98,9%) were spent in GC. [Heap: 0,01GB free of 1,50GB, max 1,50GB] Consider increasing the JVM heap using `-Xmx` or try a different collector, e.g. `-XX:+UseG1GC`, for better performance.
[warn] In the last 9 seconds, 8.723 (98,8%) were spent in GC. [Heap: 0,00GB free of 1,50GB, max 1,50GB] Consider increasing the JVM heap using `-Xmx` or try a different collector, e.g. `-XX:+UseG1GC`, for better performance.
[warn] In the last 10 seconds, 7.534 (76,1%) were spent in GC. [Heap: 0,00GB free of 1,50GB, max 1,50GB] Consider increasing the JVM heap using `-Xmx` or try a different collector, e.g. `-XX:+UseG1GC`, for better performance.
[warn] In the last 9 seconds, 8.304 (98,9%) were spent in GC. [Heap: 0,00GB free of 1,50GB, max 1,50GB] Consider increasing the JVM heap using `-Xmx` or try a different collector, e.g. `-XX:+UseG1GC`, for better performance.
[warn] In the last 10 seconds, 6.08 (66,2%) were spent in GC. [Heap: 0,00GB free of 1,50GB, max 1,50GB] Consider increasing the JVM heap using `-Xmx` or try a different collector, e.g. `-XX:+UseG1GC`, for better performance.
[debug] Forcing garbage collection...
[success] Total time: 165 s (02:45), completed 16 kwi 2023, 23:39:12
[debug] > Exec(idea-shell, None, None)
[debug] > Exec(, None, None)
[debug] > Exec(idea-shell, None, None)
