[debug] > Exec(run, None, None)
[debug] Evaluating tasks: Compile / run
[debug] Running task... Cancel: Signal, check cycles: false, forcegc: true
[info] compiling 2 Scala sources to C:\Users\opala\IdeaProjects\Assignment7\target\scala-2.13\classes ...
[info] done compiling
[error] java.lang.ArrayIndexOutOfBoundsException: Index 0 out of bounds for length 0
[error] 	at Spiral$.main(Spiral.scala:23)
[error] 	at Spiral.main(Spiral.scala)
[error] 	at java.base/jdk.internal.reflect.DirectMethodHandleAccessor.invoke(DirectMethodHandleAccessor.java:104)
[error] 	at java.base/java.lang.reflect.Method.invoke(Method.java:578)
[error] 	at sbt.Run.invokeMain(Run.scala:143)
[error] 	at sbt.Run.execute$1(Run.scala:93)
[error] 	at sbt.Run.$anonfun$runWithLoader$5(Run.scala:120)
[error] 	at sbt.Run$.executeSuccess(Run.scala:186)
[error] 	at sbt.Run.runWithLoader(Run.scala:120)
[error] 	at sbt.Defaults$.$anonfun$bgRunTask$6(Defaults.scala:1980)
[error] 	at sbt.Defaults$.$anonfun$termWrapper$2(Defaults.scala:1919)
[error] 	at scala.runtime.java8.JFunction0$mcV$sp.apply(JFunction0$mcV$sp.java:23)
[error] 	at scala.util.Try$.apply(Try.scala:213)
[error] 	at sbt.internal.BackgroundThreadPool$BackgroundRunnable.run(DefaultBackgroundJobService.scala:366)
[error] 	at java.base/java.util.concurrent.ThreadPoolExecutor.runWorker(ThreadPoolExecutor.java:1144)
[error] 	at java.base/java.util.concurrent.ThreadPoolExecutor$Worker.run(ThreadPoolExecutor.java:642)
[error] 	at java.base/java.lang.Thread.run(Thread.java:1589)
[error] (Compile / run) java.lang.ArrayIndexOutOfBoundsException: Index 0 out of bounds for length 0
[error] Total time: 6 s, completed 7 kwi 2023, 21:23:10
[debug] > Exec(idea-shell, None, None)
