[debug] > Exec(early(addDefaultCommands), None, None)
[debug] > Exec(addDefaultCommands, None, None)
[debug] > Exec(early(initialize), None, None)
[debug] > Exec(initialize, None, None)
[debug] > Exec(early(addPluginSbtFile="""C:\Users\opala\AppData\Local\Temp\idea2.sbt"""), None, None)
[debug] > Exec(addPluginSbtFile="""C:\Users\opala\AppData\Local\Temp\idea2.sbt""", None, None)
[debug] > Exec(boot, None, None)
[debug] > Exec(writeSbtVersion, None, None)
[debug] > Exec(reload, None, None)
[debug] > Exec(sbtStashOnFailure, None, None)
[debug] > Exec(onFailure loadFailed, None, None)
[debug] > Exec(loadp, None, None)
[info] welcome to sbt 1.8.2 (Oracle Corporation Java 19.0.2)
[debug]       Load.loadUnit: plugins took 180.0316ms
[debug]       Load.loadUnit: defsScala took 0.3604ms
[debug] [Loading] Scanning directory C:\Users\opala\.sbt\1.0\plugins
[debug] [Loading] Found non-root projects 
[debug] [Loading] Done in C:\Users\opala\.sbt\1.0\plugins, returning: ()
[debug] deducing auto plugins based on known facts Set(Atom(sbt.plugins.CorePlugin)) and clauses Clauses(Clause(Atom(sbt.plugins.JvmPlugin),Set(Atom(sbt.plugins.IvyPlugin)))
[debug] Clause(Atom(sbt.ScriptedPlugin),Set(Atom(sbt.plugins.JvmPlugin)))
[debug] Clause(Atom(sbt.plugins.SbtPlugin),Set(Atom(sbt.ScriptedPlugin)))
[debug] Clause(Atom(sbt.plugins.SemanticdbPlugin),Set(Atom(sbt.plugins.JvmPlugin)))
[debug] Clause(Atom(sbt.plugins.JUnitXmlReportPlugin),Set(Atom(sbt.plugins.JvmPlugin)))
[debug] Clause(Atom(sbt.plugins.MiniDependencyTreePlugin),Set(Atom(sbt.plugins.JvmPlugin)))
[debug] Clause(Atom(sbt.plugins.CorePlugin),Set(Atom(sbt.plugins.IvyPlugin)))
[debug] Clause(Atom(sbt.plugins.IvyPlugin),Set(Atom(sbt.plugins.JvmPlugin)))
[debug] Clause(Atom(sbt.plugins.JvmPlugin),Set(Atom(sbt.plugins.SemanticdbPlugin)))
[debug] Clause(Atom(sbt.plugins.JvmPlugin),Set(Atom(sbt.plugins.JUnitXmlReportPlugin)))
[debug] Clause(Atom(sbt.plugins.CorePlugin),Set(Atom(sbt.plugins.Giter8TemplatePlugin)))
[debug] Clause(Atom(sbt.plugins.JvmPlugin),Set(Atom(sbt.plugins.MiniDependencyTreePlugin))))
[debug]   :: deduced result: Matched(sbt.plugins.CorePlugin,sbt.plugins.Giter8TemplatePlugin,sbt.plugins.IvyPlugin,sbt.plugins.JvmPlugin,sbt.plugins.MiniDependencyTreePlugin,sbt.plugins.JUnitXmlReportPlugin,sbt.plugins.SemanticdbPlugin)
[debug] Plugins.deducer#function took 32.3941 ms
[debug]           Load.resolveProject(global-plugins) took 81.665ms
[debug]         Load.loadTransitive: finalizeProject(Project(id global-plugins, base: C:\Users\opala\.sbt\1.0\plugins, plugins: List(<none>))) took 143.7898ms
[debug] [Loading] Done in C:\Users\opala\.sbt\1.0\plugins, returning: (global-plugins)
[debug]       Load.loadUnit: loadedProjectsRaw took 176.1062ms
[debug]       Load.loadUnit: cleanEvalClasses took 0.4284ms
[debug]     Load.loadUnit(file:/C:/Users/opala/.sbt/1.0/plugins/, ...) took 369.0218ms
[debug]   Load.apply: load took 776.3548ms
[debug]   Load.apply: resolveProjects took 7.7778ms
[debug]   Load.apply: finalTransforms took 84.2349ms
[debug]   Load.apply: config.delegates took 11.2486ms
[debug]   Load.apply: Def.make(settings)... took 652.2297ms
[debug]   Load.apply: structureIndex took 146.0481ms
[debug]   Load.apply: mkStreams took 2.5249ms
[info] loading global plugins from C:\Users\opala\.sbt\1.0\plugins
[debug] Running task... Cancel: Signal, check cycles: false, forcegc: true
[debug] Load.defaultLoad until apply took 3732.1076ms
[debug]           Load.loadUnit: plugins took 39.1127ms
[debug]           Load.loadUnit: defsScala took 0.0096ms
[debug] [Loading] Scanning directory C:\Users\opala\IdeaProjects\Assignment7\project
[debug]             Load.loadUnit: mkEval took 6.6915ms
[debug] [Loading] Found non-root projects 
[debug] [Loading] Done in C:\Users\opala\IdeaProjects\Assignment7\project, returning: ()
[debug] deducing auto plugins based on known facts Set(Atom(sbt.plugins.CorePlugin)) and clauses Clauses(Clause(Atom(sbt.plugins.JvmPlugin),Set(Atom(sbt.plugins.IvyPlugin)))
[debug] Clause(Atom(sbt.ScriptedPlugin),Set(Atom(sbt.plugins.JvmPlugin)))
[debug] Clause(Atom(sbt.plugins.SbtPlugin),Set(Atom(sbt.ScriptedPlugin)))
[debug] Clause(Atom(sbt.plugins.SemanticdbPlugin),Set(Atom(sbt.plugins.JvmPlugin)))
[debug] Clause(Atom(sbt.plugins.JUnitXmlReportPlugin),Set(Atom(sbt.plugins.JvmPlugin)))
[debug] Clause(Atom(sbt.plugins.MiniDependencyTreePlugin),Set(Atom(sbt.plugins.JvmPlugin)))
[debug] Clause(Atom(sbt.plugins.CorePlugin),Set(Atom(sbt.plugins.IvyPlugin)))
[debug] Clause(Atom(sbt.plugins.IvyPlugin),Set(Atom(sbt.plugins.JvmPlugin)))
[debug] Clause(Atom(sbt.plugins.JvmPlugin),Set(Atom(sbt.plugins.SemanticdbPlugin)))
[debug] Clause(Atom(sbt.plugins.JvmPlugin),Set(Atom(sbt.plugins.JUnitXmlReportPlugin)))
[debug] Clause(Atom(sbt.plugins.CorePlugin),Set(Atom(sbt.plugins.Giter8TemplatePlugin)))
[debug] Clause(Atom(sbt.plugins.JvmPlugin),Set(Atom(sbt.plugins.MiniDependencyTreePlugin))))
[debug]   :: deduced result: Matched(sbt.plugins.CorePlugin,sbt.plugins.Giter8TemplatePlugin,sbt.plugins.IvyPlugin,sbt.plugins.JvmPlugin,sbt.plugins.MiniDependencyTreePlugin,sbt.plugins.JUnitXmlReportPlugin,sbt.plugins.SemanticdbPlugin)
[debug] Plugins.deducer#function took 3.2916 ms
[info] loading settings for project assignment7-build from idea2.sbt ...
[debug]               Load.resolveProject(assignment7-build) took 5.0586ms
[debug]             Load.loadTransitive: finalizeProject(Project(id assignment7-build, base: C:\Users\opala\IdeaProjects\Assignment7\project, plugins: List(<none>))) took 9.2333ms
[debug] [Loading] Done in C:\Users\opala\IdeaProjects\Assignment7\project, returning: (assignment7-build)
[debug]           Load.loadUnit: loadedProjectsRaw took 235.9562ms
[debug]           Load.loadUnit: cleanEvalClasses took 9.4876ms
[debug]         Load.loadUnit(file:/C:/Users/opala/IdeaProjects/Assignment7/project/, ...) took 286.0901ms
[debug]       Load.apply: load took 288.1146ms
[debug]       Load.apply: resolveProjects took 0.2203ms
[debug]       Load.apply: finalTransforms took 18.5024ms
[debug]       Load.apply: config.delegates took 0.624ms
[debug]       Load.apply: Def.make(settings)... took 139.7142ms
[debug]       Load.apply: structureIndex took 68.0295ms
[debug]       Load.apply: mkStreams took 0.003ms
[info] loading project definition from C:\Users\opala\IdeaProjects\Assignment7\project
[debug] Running task... Cancel: Signal, check cycles: false, forcegc: true
[debug]     Load.loadUnit: plugins took 962.8194ms
[debug]     Load.loadUnit: defsScala took 0.0066ms
[debug] [Loading] Scanning directory C:\Users\opala\IdeaProjects\Assignment7
[debug]       Load.loadUnit: mkEval took 0.6289ms
[debug] [Loading] Found root project root w/ remaining 
[debug] deducing auto plugins based on known facts Set(Atom(sbt.plugins.CorePlugin)) and clauses Clauses(Clause(Atom(sbt.plugins.JvmPlugin),Set(Atom(sbt.plugins.IvyPlugin)))
[debug] Clause(Atom(sbt.ScriptedPlugin),Set(Atom(sbt.plugins.JvmPlugin)))
[debug] Clause(Atom(sbt.plugins.SbtPlugin),Set(Atom(sbt.ScriptedPlugin)))
[debug] Clause(Atom(sbt.plugins.SemanticdbPlugin),Set(Atom(sbt.plugins.JvmPlugin)))
[debug] Clause(Atom(sbt.plugins.JUnitXmlReportPlugin),Set(Atom(sbt.plugins.JvmPlugin)))
[debug] Clause(Atom(sbt.plugins.MiniDependencyTreePlugin),Set(Atom(sbt.plugins.JvmPlugin)))
[debug] Clause(Atom(org.jetbrains.sbt.StructurePlugin),Set(Atom(sbt.plugins.JvmPlugin)))
[debug] Clause(Atom(org.jetbrains.sbt.IdeaShellPlugin),Set(Atom(sbt.plugins.JvmPlugin)))
[debug] Clause(Atom(org.jetbrains.sbt.indices.SbtIntellijIndicesPlugin),Set(Atom(sbt.plugins.JvmPlugin)))
[debug] Clause(Atom(sbt.plugins.CorePlugin),Set(Atom(sbt.plugins.IvyPlugin)))
[debug] Clause(Atom(sbt.plugins.IvyPlugin),Set(Atom(sbt.plugins.JvmPlugin)))
[debug] Clause(Atom(sbt.plugins.JvmPlugin),Set(Atom(sbt.plugins.SemanticdbPlugin)))
[debug] Clause(Atom(sbt.plugins.JvmPlugin),Set(Atom(sbt.plugins.JUnitXmlReportPlugin)))
[debug] Clause(Atom(sbt.plugins.CorePlugin),Set(Atom(sbt.plugins.Giter8TemplatePlugin)))
[debug] Clause(Atom(sbt.plugins.JvmPlugin),Set(Atom(sbt.plugins.MiniDependencyTreePlugin)))
[debug] Clause(Atom(sbt.plugins.JvmPlugin),Set(Atom(org.jetbrains.sbt.StructurePlugin)))
[debug] Clause(Atom(sbt.plugins.JvmPlugin),Set(Atom(org.jetbrains.sbt.IdeaShellPlugin)))
[debug] Clause(And(Set(Atom(sbt.plugins.CorePlugin), Atom(sbt.plugins.JvmPlugin))),Set(Atom(org.jetbrains.sbt.indices.SbtIntellijIndicesPlugin))))
[debug]   :: deduced result: Matched(sbt.plugins.CorePlugin,sbt.plugins.Giter8TemplatePlugin,sbt.plugins.IvyPlugin,sbt.plugins.JvmPlugin,sbt.plugins.SemanticdbPlugin,org.jetbrains.sbt.indices.SbtIntellijIndicesPlugin,sbt.plugins.JUnitXmlReportPlugin,org.jetbrains.sbt.IdeaShellPlugin,org.jetbrains.sbt.StructurePlugin,sbt.plugins.MiniDependencyTreePlugin)
[debug] Plugins.deducer#function took 5.4168 ms
[info] loading settings for project root from build.sbt ...
[debug]         Load.resolveProject(root) took 59.0421ms
[debug]       Load.loadTransitive: finalizeProject(Project(id root, base: C:\Users\opala\IdeaProjects\Assignment7, plugins: List(<none>))) took 68.52ms
[debug] [Loading] Done in C:\Users\opala\IdeaProjects\Assignment7, returning: (root)
[debug]     Load.loadUnit: loadedProjectsRaw took 233.0984ms
[debug]     Load.loadUnit: cleanEvalClasses took 11.9813ms
[debug]   Load.loadUnit(file:/C:/Users/opala/IdeaProjects/Assignment7/, ...) took 1208.9844ms
[debug] Load.apply: load took 1211.6904ms
[debug] Load.apply: resolveProjects took 0.1655ms
[debug] Load.apply: finalTransforms took 52.9358ms
[debug] Load.apply: config.delegates took 0.4134ms
[debug] Load.apply: Def.make(settings)... took 122.6285ms
[debug] Load.apply: structureIndex took 43.0446ms
[debug] Load.apply: mkStreams took 0.0032ms
[info] set current project to Assignment7 (in build file:/C:/Users/opala/IdeaProjects/Assignment7/)
[debug] > Exec(sbtPopOnFailure, None, None)
[debug] > Exec(resumeFromFailure, None, None)
[debug] > Exec(notifyUsersAboutShell, None, None)
[debug] > Exec(iflast shell, None, None)
[debug] > Exec(; set ideaPort in Global := 57384 ; idea-shell, None, None)
[debug] > Exec(set ideaPort in Global := 57384, None, None)
[info] Defining Global / ideaPort
[info] The new value will be used by Compile / compile, Test / compile
[debug] Defining 
[debug] 	Global / ideaPort
[debug] 
[debug] The new value will be used by 
[debug] 	Compile / compile
[debug] 	Test / compile
[info] Reapplying settings...
[info] set current project to Assignment7 (in build file:/C:/Users/opala/IdeaProjects/Assignment7/)
[debug] > Exec(idea-shell, None, None)
