[debug] > Exec(run, None, None)
[debug] Evaluating tasks: Compile / run
[debug] Running task... Cancel: Signal, check cycles: false, forcegc: true
[warn] In the last 10 seconds, 5.009 (50,1%) were spent in GC. [Heap: 0,44GB free of 0,68GB, max 1,50GB] Consider increasing the JVM heap using `-Xmx` or try a different collector, e.g. `-XX:+UseG1GC`, for better performance.
[warn] In the last 10 seconds, 5.163 (53,1%) were spent in GC. [Heap: 0,26GB free of 0,50GB, max 1,50GB] Consider increasing the JVM heap using `-Xmx` or try a different collector, e.g. `-XX:+UseG1GC`, for better performance.
[warn] In the last 10 seconds, 5.548 (55,7%) were spent in GC. [Heap: 0,84GB free of 1,09GB, max 1,50GB] Consider increasing the JVM heap using `-Xmx` or try a different collector, e.g. `-XX:+UseG1GC`, for better performance.
[warn] In the last 10 seconds, 5.732 (57,9%) were spent in GC. [Heap: 0,70GB free of 1,05GB, max 1,50GB] Consider increasing the JVM heap using `-Xmx` or try a different collector, e.g. `-XX:+UseG1GC`, for better performance.
[warn] In the last 10 seconds, 5.648 (58,8%) were spent in GC. [Heap: 0,63GB free of 0,81GB, max 1,50GB] Consider increasing the JVM heap using `-Xmx` or try a different collector, e.g. `-XX:+UseG1GC`, for better performance.
[warn] In the last 10 seconds, 5.506 (57,0%) were spent in GC. [Heap: 0,66GB free of 0,89GB, max 1,50GB] Consider increasing the JVM heap using `-Xmx` or try a different collector, e.g. `-XX:+UseG1GC`, for better performance.
[warn] In the last 10 seconds, 5.847 (58,7%) were spent in GC. [Heap: 0,48GB free of 0,77GB, max 1,50GB] Consider increasing the JVM heap using `-Xmx` or try a different collector, e.g. `-XX:+UseG1GC`, for better performance.
[warn] In the last 10 seconds, 5.872 (60,3%) were spent in GC. [Heap: 0,38GB free of 0,61GB, max 1,50GB] Consider increasing the JVM heap using `-Xmx` or try a different collector, e.g. `-XX:+UseG1GC`, for better performance.
[warn] In the last 10 seconds, 5.765 (58,9%) were spent in GC. [Heap: 0,58GB free of 0,81GB, max 1,50GB] Consider increasing the JVM heap using `-Xmx` or try a different collector, e.g. `-XX:+UseG1GC`, for better performance.
[warn] In the last 10 seconds, 5.709 (57,6%) were spent in GC. [Heap: 0,67GB free of 1,04GB, max 1,50GB] Consider increasing the JVM heap using `-Xmx` or try a different collector, e.g. `-XX:+UseG1GC`, for better performance.
[warn] In the last 10 seconds, 5.664 (57,3%) were spent in GC. [Heap: 0,71GB free of 0,92GB, max 1,50GB] Consider increasing the JVM heap using `-Xmx` or try a different collector, e.g. `-XX:+UseG1GC`, for better performance.
[warn] In the last 10 seconds, 5.268 (53,1%) were spent in GC. [Heap: 0,44GB free of 0,67GB, max 1,50GB] Consider increasing the JVM heap using `-Xmx` or try a different collector, e.g. `-XX:+UseG1GC`, for better performance.
[warn] In the last 10 seconds, 5.536 (56,6%) were spent in GC. [Heap: 0,53GB free of 0,83GB, max 1,50GB] Consider increasing the JVM heap using `-Xmx` or try a different collector, e.g. `-XX:+UseG1GC`, for better performance.
[warn] In the last 10 seconds, 5.438 (55,8%) were spent in GC. [Heap: 0,51GB free of 0,82GB, max 1,50GB] Consider increasing the JVM heap using `-Xmx` or try a different collector, e.g. `-XX:+UseG1GC`, for better performance.
[warn] In the last 10 seconds, 5.427 (54,6%) were spent in GC. [Heap: 0,56GB free of 0,87GB, max 1,50GB] Consider increasing the JVM heap using `-Xmx` or try a different collector, e.g. `-XX:+UseG1GC`, for better performance.
[warn] In the last 10 seconds, 5.303 (54,1%) were spent in GC. [Heap: 0,47GB free of 0,74GB, max 1,50GB] Consider increasing the JVM heap using `-Xmx` or try a different collector, e.g. `-XX:+UseG1GC`, for better performance.
[warn] In the last 10 seconds, 5.744 (59,2%) were spent in GC. [Heap: 0,63GB free of 0,94GB, max 1,50GB] Consider increasing the JVM heap using `-Xmx` or try a different collector, e.g. `-XX:+UseG1GC`, for better performance.
[warn] In the last 10 seconds, 5.583 (57,7%) were spent in GC. [Heap: 0,60GB free of 0,87GB, max 1,50GB] Consider increasing the JVM heap using `-Xmx` or try a different collector, e.g. `-XX:+UseG1GC`, for better performance.
[warn] In the last 10 seconds, 5.533 (57,6%) were spent in GC. [Heap: 0,47GB free of 0,79GB, max 1,50GB] Consider increasing the JVM heap using `-Xmx` or try a different collector, e.g. `-XX:+UseG1GC`, for better performance.
[warn] In the last 10 seconds, 5.668 (59,0%) were spent in GC. [Heap: 0,51GB free of 0,95GB, max 1,50GB] Consider increasing the JVM heap using `-Xmx` or try a different collector, e.g. `-XX:+UseG1GC`, for better performance.
[warn] In the last 10 seconds, 5.761 (58,6%) were spent in GC. [Heap: 0,55GB free of 0,88GB, max 1,50GB] Consider increasing the JVM heap using `-Xmx` or try a different collector, e.g. `-XX:+UseG1GC`, for better performance.
[warn] In the last 10 seconds, 5.515 (57,0%) were spent in GC. [Heap: 0,56GB free of 0,84GB, max 1,50GB] Consider increasing the JVM heap using `-Xmx` or try a different collector, e.g. `-XX:+UseG1GC`, for better performance.
[warn] In the last 10 seconds, 5.264 (54,9%) were spent in GC. [Heap: 0,56GB free of 0,96GB, max 1,50GB] Consider increasing the JVM heap using `-Xmx` or try a different collector, e.g. `-XX:+UseG1GC`, for better performance.
[warn] In the last 10 seconds, 5.302 (54,9%) were spent in GC. [Heap: 0,69GB free of 1,00GB, max 1,50GB] Consider increasing the JVM heap using `-Xmx` or try a different collector, e.g. `-XX:+UseG1GC`, for better performance.
[warn] In the last 10 seconds, 5.516 (55,7%) were spent in GC. [Heap: 0,47GB free of 0,87GB, max 1,50GB] Consider increasing the JVM heap using `-Xmx` or try a different collector, e.g. `-XX:+UseG1GC`, for better performance.
[warn] In the last 10 seconds, 5.362 (55,1%) were spent in GC. [Heap: 0,80GB free of 1,22GB, max 1,50GB] Consider increasing the JVM heap using `-Xmx` or try a different collector, e.g. `-XX:+UseG1GC`, for better performance.
[warn] In the last 10 seconds, 5.342 (53,6%) were spent in GC. [Heap: 0,79GB free of 1,21GB, max 1,50GB] Consider increasing the JVM heap using `-Xmx` or try a different collector, e.g. `-XX:+UseG1GC`, for better performance.
[warn] In the last 10 seconds, 5.268 (53,3%) were spent in GC. [Heap: 0,73GB free of 1,37GB, max 1,50GB] Consider increasing the JVM heap using `-Xmx` or try a different collector, e.g. `-XX:+UseG1GC`, for better performance.
[warn] In the last 10 seconds, 5.366 (56,0%) were spent in GC. [Heap: 0,60GB free of 0,98GB, max 1,50GB] Consider increasing the JVM heap using `-Xmx` or try a different collector, e.g. `-XX:+UseG1GC`, for better performance.
[warn] In the last 10 seconds, 5.733 (57,4%) were spent in GC. [Heap: 0,78GB free of 1,33GB, max 1,50GB] Consider increasing the JVM heap using `-Xmx` or try a different collector, e.g. `-XX:+UseG1GC`, for better performance.
[warn] In the last 10 seconds, 5.236 (54,2%) were spent in GC. [Heap: 0,84GB free of 1,21GB, max 1,50GB] Consider increasing the JVM heap using `-Xmx` or try a different collector, e.g. `-XX:+UseG1GC`, for better performance.
[warn] In the last 10 seconds, 5.395 (55,6%) were spent in GC. [Heap: 0,87GB free of 1,33GB, max 1,50GB] Consider increasing the JVM heap using `-Xmx` or try a different collector, e.g. `-XX:+UseG1GC`, for better performance.
[warn] In the last 10 seconds, 5.465 (54,8%) were spent in GC. [Heap: 0,80GB free of 1,44GB, max 1,50GB] Consider increasing the JVM heap using `-Xmx` or try a different collector, e.g. `-XX:+UseG1GC`, for better performance.
[warn] In the last 10 seconds, 5.472 (56,7%) were spent in GC. [Heap: 0,63GB free of 1,44GB, max 1,50GB] Consider increasing the JVM heap using `-Xmx` or try a different collector, e.g. `-XX:+UseG1GC`, for better performance.
[warn] In the last 10 seconds, 5.581 (57,2%) were spent in GC. [Heap: 0,55GB free of 1,47GB, max 1,50GB] Consider increasing the JVM heap using `-Xmx` or try a different collector, e.g. `-XX:+UseG1GC`, for better performance.
[warn] In the last 10 seconds, 5.457 (55,9%) were spent in GC. [Heap: 0,76GB free of 1,25GB, max 1,50GB] Consider increasing the JVM heap using `-Xmx` or try a different collector, e.g. `-XX:+UseG1GC`, for better performance.
[warn] In the last 10 seconds, 5.428 (56,0%) were spent in GC. [Heap: 0,83GB free of 1,21GB, max 1,50GB] Consider increasing the JVM heap using `-Xmx` or try a different collector, e.g. `-XX:+UseG1GC`, for better performance.
[warn] In the last 10 seconds, 5.389 (55,5%) were spent in GC. [Heap: 0,80GB free of 1,31GB, max 1,50GB] Consider increasing the JVM heap using `-Xmx` or try a different collector, e.g. `-XX:+UseG1GC`, for better performance.
[warn] In the last 10 seconds, 5.582 (57,2%) were spent in GC. [Heap: 0,77GB free of 1,39GB, max 1,50GB] Consider increasing the JVM heap using `-Xmx` or try a different collector, e.g. `-XX:+UseG1GC`, for better performance.
[debug] Forcing garbage collection...
[success] Total time: 403 s (06:43), completed 19 maj 2023, 12:55:10
[debug] > Exec(idea-shell, None, None)
[debug] > Exec(, None, None)
[debug] > Exec(idea-shell, None, None)
