[debug] > Exec(early(addDefaultCommands), None, None)
[debug] > Exec(addDefaultCommands, None, None)
[debug] > Exec(early(initialize), None, None)
[debug] > Exec(initialize, None, None)
[debug] > Exec(early(addPluginSbtFile="""C:\Users\opala\AppData\Local\Temp\idea2.sbt"""), None, None)
[debug] > Exec(addPluginSbtFile="""C:\Users\opala\AppData\Local\Temp\idea2.sbt""", None, None)
[debug] > Exec(boot, None, None)
[debug] > Exec(writeSbtVersion, None, None)
[debug] > Exec(reload, None, None)
[debug] > Exec(sbtStashOnFailure, None, None)
[debug] > Exec(onFailure loadFailed, None, None)
[debug] > Exec(loadp, None, None)
[info] welcome to sbt 1.8.3 (Oracle Corporation Java 19.0.2)
[debug]       Load.loadUnit: plugins took 168.49ms
[debug]       Load.loadUnit: defsScala took 0.4794ms
[debug] [Loading] Scanning directory C:\Users\opala\.sbt\1.0\plugins
[debug] [Loading] Found non-root projects 
[debug] [Loading] Done in C:\Users\opala\.sbt\1.0\plugins, returning: ()
[debug] deducing auto plugins based on known facts Set(Atom(sbt.plugins.CorePlugin)) and clauses Clauses(Clause(Atom(sbt.plugins.JvmPlugin),Set(Atom(sbt.plugins.IvyPlugin)))
[debug] Clause(Atom(sbt.ScriptedPlugin),Set(Atom(sbt.plugins.JvmPlugin)))
[debug] Clause(Atom(sbt.plugins.SbtPlugin),Set(Atom(sbt.ScriptedPlugin)))
[debug] Clause(Atom(sbt.plugins.SemanticdbPlugin),Set(Atom(sbt.plugins.JvmPlugin)))
[debug] Clause(Atom(sbt.plugins.JUnitXmlReportPlugin),Set(Atom(sbt.plugins.JvmPlugin)))
[debug] Clause(Atom(sbt.plugins.MiniDependencyTreePlugin),Set(Atom(sbt.plugins.JvmPlugin)))
[debug] Clause(Atom(sbt.plugins.CorePlugin),Set(Atom(sbt.plugins.IvyPlugin)))
[debug] Clause(Atom(sbt.plugins.IvyPlugin),Set(Atom(sbt.plugins.JvmPlugin)))
[debug] Clause(Atom(sbt.plugins.JvmPlugin),Set(Atom(sbt.plugins.SemanticdbPlugin)))
[debug] Clause(Atom(sbt.plugins.JvmPlugin),Set(Atom(sbt.plugins.JUnitXmlReportPlugin)))
[debug] Clause(Atom(sbt.plugins.CorePlugin),Set(Atom(sbt.plugins.Giter8TemplatePlugin)))
[debug] Clause(Atom(sbt.plugins.JvmPlugin),Set(Atom(sbt.plugins.MiniDependencyTreePlugin))))
[debug]   :: deduced result: Matched(sbt.plugins.CorePlugin,sbt.plugins.Giter8TemplatePlugin,sbt.plugins.IvyPlugin,sbt.plugins.JvmPlugin,sbt.plugins.MiniDependencyTreePlugin,sbt.plugins.JUnitXmlReportPlugin,sbt.plugins.SemanticdbPlugin)
[debug] Plugins.deducer#function took 30.4242 ms
[debug]           Load.resolveProject(global-plugins) took 73.8871ms
[debug]         Load.loadTransitive: finalizeProject(Project(id global-plugins, base: C:\Users\opala\.sbt\1.0\plugins, plugins: List(<none>))) took 136.8496ms
[debug] [Loading] Done in C:\Users\opala\.sbt\1.0\plugins, returning: (global-plugins)
[debug]       Load.loadUnit: loadedProjectsRaw took 182.426ms
[debug]       Load.loadUnit: cleanEvalClasses took 0.5864ms
[debug]     Load.loadUnit(file:/C:/Users/opala/.sbt/1.0/plugins/, ...) took 373.5738ms
[debug]   Load.apply: load took 724.0464ms
[debug]   Load.apply: resolveProjects took 8.1728ms
[debug]   Load.apply: finalTransforms took 88.6736ms
[debug]   Load.apply: config.delegates took 10.8282ms
[debug]   Load.apply: Def.make(settings)... took 598.1643ms
[debug]   Load.apply: structureIndex took 176.4102ms
[debug]   Load.apply: mkStreams took 1.7039ms
[info] loading global plugins from C:\Users\opala\.sbt\1.0\plugins
[debug] Running task... Cancel: Signal, check cycles: false, forcegc: true
[debug] Load.defaultLoad until apply took 3329.2835ms
[debug]           Load.loadUnit: plugins took 38.3925ms
[debug]           Load.loadUnit: defsScala took 0.0086ms
[debug] [Loading] Scanning directory C:\Users\opala\IdeaProjects\Assignment11\project
[debug]             Load.loadUnit: mkEval took 8.1611ms
[debug] [Loading] Found non-root projects 
[debug] [Loading] Done in C:\Users\opala\IdeaProjects\Assignment11\project, returning: ()
[debug] deducing auto plugins based on known facts Set(Atom(sbt.plugins.CorePlugin)) and clauses Clauses(Clause(Atom(sbt.plugins.JvmPlugin),Set(Atom(sbt.plugins.IvyPlugin)))
[debug] Clause(Atom(sbt.ScriptedPlugin),Set(Atom(sbt.plugins.JvmPlugin)))
[debug] Clause(Atom(sbt.plugins.SbtPlugin),Set(Atom(sbt.ScriptedPlugin)))
[debug] Clause(Atom(sbt.plugins.SemanticdbPlugin),Set(Atom(sbt.plugins.JvmPlugin)))
[debug] Clause(Atom(sbt.plugins.JUnitXmlReportPlugin),Set(Atom(sbt.plugins.JvmPlugin)))
[debug] Clause(Atom(sbt.plugins.MiniDependencyTreePlugin),Set(Atom(sbt.plugins.JvmPlugin)))
[debug] Clause(Atom(sbt.plugins.CorePlugin),Set(Atom(sbt.plugins.IvyPlugin)))
[debug] Clause(Atom(sbt.plugins.IvyPlugin),Set(Atom(sbt.plugins.JvmPlugin)))
[debug] Clause(Atom(sbt.plugins.JvmPlugin),Set(Atom(sbt.plugins.SemanticdbPlugin)))
[debug] Clause(Atom(sbt.plugins.JvmPlugin),Set(Atom(sbt.plugins.JUnitXmlReportPlugin)))
[debug] Clause(Atom(sbt.plugins.CorePlugin),Set(Atom(sbt.plugins.Giter8TemplatePlugin)))
[debug] Clause(Atom(sbt.plugins.JvmPlugin),Set(Atom(sbt.plugins.MiniDependencyTreePlugin))))
[debug]   :: deduced result: Matched(sbt.plugins.CorePlugin,sbt.plugins.Giter8TemplatePlugin,sbt.plugins.IvyPlugin,sbt.plugins.JvmPlugin,sbt.plugins.MiniDependencyTreePlugin,sbt.plugins.JUnitXmlReportPlugin,sbt.plugins.SemanticdbPlugin)
[debug] Plugins.deducer#function took 2.6672 ms
[info] loading settings for project assignment11-build from idea2.sbt ...
[debug]               Load.resolveProject(assignment11-build) took 4.1215ms
[debug]             Load.loadTransitive: finalizeProject(Project(id assignment11-build, base: C:\Users\opala\IdeaProjects\Assignment11\project, plugins: List(<none>))) took 7.4672ms
[debug] [Loading] Done in C:\Users\opala\IdeaProjects\Assignment11\project, returning: (assignment11-build)
[debug]           Load.loadUnit: loadedProjectsRaw took 197.1099ms
[debug]           Load.loadUnit: cleanEvalClasses took 9.3833ms
[debug]         Load.loadUnit(file:/C:/Users/opala/IdeaProjects/Assignment11/project/, ...) took 246.393ms
[debug]       Load.apply: load took 249.095ms
[debug]       Load.apply: resolveProjects took 0.2234ms
[debug]       Load.apply: finalTransforms took 15.8979ms
[debug]       Load.apply: config.delegates took 0.5193ms
[debug]       Load.apply: Def.make(settings)... took 116.4711ms
[debug]       Load.apply: structureIndex took 41.054ms
[debug]       Load.apply: mkStreams took 0.0029ms
[info] loading project definition from C:\Users\opala\IdeaProjects\Assignment11\project
[debug] Running task... Cancel: Signal, check cycles: false, forcegc: true
[debug]     Load.loadUnit: plugins took 897.3869ms
[debug]     Load.loadUnit: defsScala took 0.0044ms
[debug] [Loading] Scanning directory C:\Users\opala\IdeaProjects\Assignment11
[debug]       Load.loadUnit: mkEval took 0.4266ms
[debug] [Loading] Found root project root w/ remaining 
[debug] deducing auto plugins based on known facts Set(Atom(sbt.plugins.CorePlugin)) and clauses Clauses(Clause(Atom(sbt.plugins.JvmPlugin),Set(Atom(sbt.plugins.IvyPlugin)))
[debug] Clause(Atom(sbt.ScriptedPlugin),Set(Atom(sbt.plugins.JvmPlugin)))
[debug] Clause(Atom(sbt.plugins.SbtPlugin),Set(Atom(sbt.ScriptedPlugin)))
[debug] Clause(Atom(sbt.plugins.SemanticdbPlugin),Set(Atom(sbt.plugins.JvmPlugin)))
[debug] Clause(Atom(sbt.plugins.JUnitXmlReportPlugin),Set(Atom(sbt.plugins.JvmPlugin)))
[debug] Clause(Atom(sbt.plugins.MiniDependencyTreePlugin),Set(Atom(sbt.plugins.JvmPlugin)))
[debug] Clause(Atom(org.jetbrains.sbt.StructurePlugin),Set(Atom(sbt.plugins.JvmPlugin)))
[debug] Clause(Atom(org.jetbrains.sbt.IdeaShellPlugin),Set(Atom(sbt.plugins.JvmPlugin)))
[debug] Clause(Atom(org.jetbrains.sbt.indices.SbtIntellijIndicesPlugin),Set(Atom(sbt.plugins.JvmPlugin)))
[debug] Clause(Atom(sbt.plugins.CorePlugin),Set(Atom(sbt.plugins.IvyPlugin)))
[debug] Clause(Atom(sbt.plugins.IvyPlugin),Set(Atom(sbt.plugins.JvmPlugin)))
[debug] Clause(Atom(sbt.plugins.JvmPlugin),Set(Atom(sbt.plugins.SemanticdbPlugin)))
[debug] Clause(Atom(sbt.plugins.JvmPlugin),Set(Atom(sbt.plugins.JUnitXmlReportPlugin)))
[debug] Clause(Atom(sbt.plugins.CorePlugin),Set(Atom(sbt.plugins.Giter8TemplatePlugin)))
[debug] Clause(Atom(sbt.plugins.JvmPlugin),Set(Atom(sbt.plugins.MiniDependencyTreePlugin)))
[debug] Clause(Atom(sbt.plugins.JvmPlugin),Set(Atom(org.jetbrains.sbt.StructurePlugin)))
[debug] Clause(Atom(sbt.plugins.JvmPlugin),Set(Atom(org.jetbrains.sbt.IdeaShellPlugin)))
[debug] Clause(And(Set(Atom(sbt.plugins.CorePlugin), Atom(sbt.plugins.JvmPlugin))),Set(Atom(org.jetbrains.sbt.indices.SbtIntellijIndicesPlugin))))
[debug]   :: deduced result: Matched(sbt.plugins.CorePlugin,sbt.plugins.Giter8TemplatePlugin,sbt.plugins.IvyPlugin,sbt.plugins.JvmPlugin,sbt.plugins.SemanticdbPlugin,org.jetbrains.sbt.indices.SbtIntellijIndicesPlugin,sbt.plugins.JUnitXmlReportPlugin,org.jetbrains.sbt.IdeaShellPlugin,org.jetbrains.sbt.StructurePlugin,sbt.plugins.MiniDependencyTreePlugin)
[debug] Plugins.deducer#function took 6.4731 ms
[info] loading settings for project root from build.sbt ...
[debug]         Load.resolveProject(root) took 54.6713ms
[debug]       Load.loadTransitive: finalizeProject(Project(id root, base: C:\Users\opala\IdeaProjects\Assignment11, plugins: List(<none>))) took 63.8923ms
[debug] [Loading] Done in C:\Users\opala\IdeaProjects\Assignment11, returning: (root)
[debug]     Load.loadUnit: loadedProjectsRaw took 164.0113ms
[debug]     Load.loadUnit: cleanEvalClasses took 14.5896ms
[debug]   Load.loadUnit(file:/C:/Users/opala/IdeaProjects/Assignment11/, ...) took 1077.3103ms
[debug] Load.apply: load took 1079.7133ms
[debug] Load.apply: resolveProjects took 0.205ms
[debug] Load.apply: finalTransforms took 36.5875ms
[debug] Load.apply: config.delegates took 0.5507ms
[debug] Load.apply: Def.make(settings)... took 107.1861ms
[debug] Load.apply: structureIndex took 45.2115ms
[debug] Load.apply: mkStreams took 0.003ms
[info] set current project to Assignment11 (in build file:/C:/Users/opala/IdeaProjects/Assignment11/)
[debug] > Exec(sbtPopOnFailure, None, None)
[debug] > Exec(resumeFromFailure, None, None)
[debug] > Exec(notifyUsersAboutShell, None, None)
[debug] > Exec(iflast shell, None, None)
[debug] > Exec(; set ideaPort in Global := 52354 ; idea-shell, None, None)
[debug] > Exec(set ideaPort in Global := 52354, None, None)
[info] Defining Global / ideaPort
[info] The new value will be used by Compile / compile, Test / compile
[debug] Defining 
[debug] 	Global / ideaPort
[debug] 
[debug] The new value will be used by 
[debug] 	Compile / compile
[debug] 	Test / compile
[info] Reapplying settings...
[info] set current project to Assignment11 (in build file:/C:/Users/opala/IdeaProjects/Assignment11/)
[debug] > Exec(idea-shell, None, None)
