[debug] > Exec(early(addDefaultCommands), None, None)
[debug] > Exec(addDefaultCommands, None, None)
[debug] > Exec(early(initialize), None, None)
[debug] > Exec(initialize, None, None)
[debug] > Exec(early(addPluginSbtFile="""C:\Users\opala\AppData\Local\Temp\idea2.sbt"""), None, None)
[debug] > Exec(addPluginSbtFile="""C:\Users\opala\AppData\Local\Temp\idea2.sbt""", None, None)
[debug] > Exec(boot, None, None)
[debug] > Exec(writeSbtVersion, None, None)
[debug] > Exec(reload, None, None)
[debug] > Exec(sbtStashOnFailure, None, None)
[debug] > Exec(onFailure loadFailed, None, None)
[debug] > Exec(loadp, None, None)
[info] welcome to sbt 1.8.2 (Oracle Corporation Java 19.0.2)
[debug]       Load.loadUnit: plugins took 126.4599ms
[debug]       Load.loadUnit: defsScala took 0.6173ms
[debug] [Loading] Scanning directory C:\Users\opala\.sbt\1.0\plugins
[debug] [Loading] Found non-root projects 
[debug] [Loading] Done in C:\Users\opala\.sbt\1.0\plugins, returning: ()
[debug] deducing auto plugins based on known facts Set(Atom(sbt.plugins.CorePlugin)) and clauses Clauses(Clause(Atom(sbt.plugins.JvmPlugin),Set(Atom(sbt.plugins.IvyPlugin)))
[debug] Clause(Atom(sbt.ScriptedPlugin),Set(Atom(sbt.plugins.JvmPlugin)))
[debug] Clause(Atom(sbt.plugins.SbtPlugin),Set(Atom(sbt.ScriptedPlugin)))
[debug] Clause(Atom(sbt.plugins.SemanticdbPlugin),Set(Atom(sbt.plugins.JvmPlugin)))
[debug] Clause(Atom(sbt.plugins.JUnitXmlReportPlugin),Set(Atom(sbt.plugins.JvmPlugin)))
[debug] Clause(Atom(sbt.plugins.MiniDependencyTreePlugin),Set(Atom(sbt.plugins.JvmPlugin)))
[debug] Clause(Atom(sbt.plugins.CorePlugin),Set(Atom(sbt.plugins.IvyPlugin)))
[debug] Clause(Atom(sbt.plugins.IvyPlugin),Set(Atom(sbt.plugins.JvmPlugin)))
[debug] Clause(Atom(sbt.plugins.JvmPlugin),Set(Atom(sbt.plugins.SemanticdbPlugin)))
[debug] Clause(Atom(sbt.plugins.JvmPlugin),Set(Atom(sbt.plugins.JUnitXmlReportPlugin)))
[debug] Clause(Atom(sbt.plugins.CorePlugin),Set(Atom(sbt.plugins.Giter8TemplatePlugin)))
[debug] Clause(Atom(sbt.plugins.JvmPlugin),Set(Atom(sbt.plugins.MiniDependencyTreePlugin))))
[debug]   :: deduced result: Matched(sbt.plugins.CorePlugin,sbt.plugins.Giter8TemplatePlugin,sbt.plugins.IvyPlugin,sbt.plugins.JvmPlugin,sbt.plugins.MiniDependencyTreePlugin,sbt.plugins.JUnitXmlReportPlugin,sbt.plugins.SemanticdbPlugin)
[debug] Plugins.deducer#function took 24.8317 ms
[debug]           Load.resolveProject(global-plugins) took 61.3354ms
[debug]         Load.loadTransitive: finalizeProject(Project(id global-plugins, base: C:\Users\opala\.sbt\1.0\plugins, plugins: List(<none>))) took 113.7466ms
[debug] [Loading] Done in C:\Users\opala\.sbt\1.0\plugins, returning: (global-plugins)
[debug]       Load.loadUnit: loadedProjectsRaw took 148.8396ms
[debug]       Load.loadUnit: cleanEvalClasses took 0.3623ms
[debug]     Load.loadUnit(file:/C:/Users/opala/.sbt/1.0/plugins/, ...) took 292.1811ms
[debug]   Load.apply: load took 543.7706ms
[debug]   Load.apply: resolveProjects took 6.7037ms
[debug]   Load.apply: finalTransforms took 84.6627ms
[debug]   Load.apply: config.delegates took 13.3703ms
[debug]   Load.apply: Def.make(settings)... took 515.2361ms
[debug]   Load.apply: structureIndex took 133.5379ms
[debug]   Load.apply: mkStreams took 2.272ms
[info] loading global plugins from C:\Users\opala\.sbt\1.0\plugins
[debug] Running task... Cancel: Signal, check cycles: false, forcegc: true
[debug] Load.defaultLoad until apply took 3588.6525ms
[debug]           Load.loadUnit: plugins took 30.8035ms
[debug]           Load.loadUnit: defsScala took 0.0049ms
[debug] [Loading] Scanning directory C:\Users\opala\IdeaProjects\Assignment6\project
[debug]             Load.loadUnit: mkEval took 8.0853ms
[debug] [Loading] Found non-root projects 
[debug] [Loading] Done in C:\Users\opala\IdeaProjects\Assignment6\project, returning: ()
[debug] deducing auto plugins based on known facts Set(Atom(sbt.plugins.CorePlugin)) and clauses Clauses(Clause(Atom(sbt.plugins.JvmPlugin),Set(Atom(sbt.plugins.IvyPlugin)))
[debug] Clause(Atom(sbt.ScriptedPlugin),Set(Atom(sbt.plugins.JvmPlugin)))
[debug] Clause(Atom(sbt.plugins.SbtPlugin),Set(Atom(sbt.ScriptedPlugin)))
[debug] Clause(Atom(sbt.plugins.SemanticdbPlugin),Set(Atom(sbt.plugins.JvmPlugin)))
[debug] Clause(Atom(sbt.plugins.JUnitXmlReportPlugin),Set(Atom(sbt.plugins.JvmPlugin)))
[debug] Clause(Atom(sbt.plugins.MiniDependencyTreePlugin),Set(Atom(sbt.plugins.JvmPlugin)))
[debug] Clause(Atom(sbt.plugins.CorePlugin),Set(Atom(sbt.plugins.IvyPlugin)))
[debug] Clause(Atom(sbt.plugins.IvyPlugin),Set(Atom(sbt.plugins.JvmPlugin)))
[debug] Clause(Atom(sbt.plugins.JvmPlugin),Set(Atom(sbt.plugins.SemanticdbPlugin)))
[debug] Clause(Atom(sbt.plugins.JvmPlugin),Set(Atom(sbt.plugins.JUnitXmlReportPlugin)))
[debug] Clause(Atom(sbt.plugins.CorePlugin),Set(Atom(sbt.plugins.Giter8TemplatePlugin)))
[debug] Clause(Atom(sbt.plugins.JvmPlugin),Set(Atom(sbt.plugins.MiniDependencyTreePlugin))))
[debug]   :: deduced result: Matched(sbt.plugins.CorePlugin,sbt.plugins.Giter8TemplatePlugin,sbt.plugins.IvyPlugin,sbt.plugins.JvmPlugin,sbt.plugins.MiniDependencyTreePlugin,sbt.plugins.JUnitXmlReportPlugin,sbt.plugins.SemanticdbPlugin)
[debug] Plugins.deducer#function took 2.1683 ms
[info] loading settings for project assignment6-build from idea2.sbt ...
[debug]               Load.resolveProject(assignment6-build) took 2.9701ms
[debug]             Load.loadTransitive: finalizeProject(Project(id assignment6-build, base: C:\Users\opala\IdeaProjects\Assignment6\project, plugins: List(<none>))) took 5.6807ms
[debug] [Loading] Done in C:\Users\opala\IdeaProjects\Assignment6\project, returning: (assignment6-build)
[debug]           Load.loadUnit: loadedProjectsRaw took 179.9861ms
[debug]           Load.loadUnit: cleanEvalClasses took 6.0373ms
[debug]         Load.loadUnit(file:/C:/Users/opala/IdeaProjects/Assignment6/project/, ...) took 217.8591ms
[debug]       Load.apply: load took 219.7374ms
[debug]       Load.apply: resolveProjects took 0.1489ms
[debug]       Load.apply: finalTransforms took 11.594ms
[debug]       Load.apply: config.delegates took 0.4766ms
[debug]       Load.apply: Def.make(settings)... took 100.1968ms
[debug]       Load.apply: structureIndex took 37.7889ms
[debug]       Load.apply: mkStreams took 0.0021ms
[info] loading project definition from C:\Users\opala\IdeaProjects\Assignment6\project
[debug] Running task... Cancel: Signal, check cycles: false, forcegc: true
[debug]     Load.loadUnit: plugins took 998.7555ms
[debug]     Load.loadUnit: defsScala took 0.005ms
[debug] [Loading] Scanning directory C:\Users\opala\IdeaProjects\Assignment6
[debug]       Load.loadUnit: mkEval took 0.4455ms
[debug] [Loading] Found root project root w/ remaining 
[debug] deducing auto plugins based on known facts Set(Atom(sbt.plugins.CorePlugin)) and clauses Clauses(Clause(Atom(sbt.plugins.JvmPlugin),Set(Atom(sbt.plugins.IvyPlugin)))
[debug] Clause(Atom(sbt.ScriptedPlugin),Set(Atom(sbt.plugins.JvmPlugin)))
[debug] Clause(Atom(sbt.plugins.SbtPlugin),Set(Atom(sbt.ScriptedPlugin)))
[debug] Clause(Atom(sbt.plugins.SemanticdbPlugin),Set(Atom(sbt.plugins.JvmPlugin)))
[debug] Clause(Atom(sbt.plugins.JUnitXmlReportPlugin),Set(Atom(sbt.plugins.JvmPlugin)))
[debug] Clause(Atom(sbt.plugins.MiniDependencyTreePlugin),Set(Atom(sbt.plugins.JvmPlugin)))
[debug] Clause(Atom(org.jetbrains.sbt.StructurePlugin),Set(Atom(sbt.plugins.JvmPlugin)))
[debug] Clause(Atom(org.jetbrains.sbt.IdeaShellPlugin),Set(Atom(sbt.plugins.JvmPlugin)))
[debug] Clause(Atom(org.jetbrains.sbt.indices.SbtIntellijIndicesPlugin),Set(Atom(sbt.plugins.JvmPlugin)))
[debug] Clause(Atom(sbt.plugins.CorePlugin),Set(Atom(sbt.plugins.IvyPlugin)))
[debug] Clause(Atom(sbt.plugins.IvyPlugin),Set(Atom(sbt.plugins.JvmPlugin)))
[debug] Clause(Atom(sbt.plugins.JvmPlugin),Set(Atom(sbt.plugins.SemanticdbPlugin)))
[debug] Clause(Atom(sbt.plugins.JvmPlugin),Set(Atom(sbt.plugins.JUnitXmlReportPlugin)))
[debug] Clause(Atom(sbt.plugins.CorePlugin),Set(Atom(sbt.plugins.Giter8TemplatePlugin)))
[debug] Clause(Atom(sbt.plugins.JvmPlugin),Set(Atom(sbt.plugins.MiniDependencyTreePlugin)))
[debug] Clause(Atom(sbt.plugins.JvmPlugin),Set(Atom(org.jetbrains.sbt.StructurePlugin)))
[debug] Clause(Atom(sbt.plugins.JvmPlugin),Set(Atom(org.jetbrains.sbt.IdeaShellPlugin)))
[debug] Clause(And(Set(Atom(sbt.plugins.CorePlugin), Atom(sbt.plugins.JvmPlugin))),Set(Atom(org.jetbrains.sbt.indices.SbtIntellijIndicesPlugin))))
[debug]   :: deduced result: Matched(sbt.plugins.CorePlugin,sbt.plugins.Giter8TemplatePlugin,sbt.plugins.IvyPlugin,sbt.plugins.JvmPlugin,sbt.plugins.SemanticdbPlugin,org.jetbrains.sbt.indices.SbtIntellijIndicesPlugin,sbt.plugins.JUnitXmlReportPlugin,org.jetbrains.sbt.IdeaShellPlugin,org.jetbrains.sbt.StructurePlugin,sbt.plugins.MiniDependencyTreePlugin)
[debug] Plugins.deducer#function took 2.5378 ms
[info] loading settings for project root from build.sbt ...
[debug]         Load.resolveProject(root) took 31.4648ms
[debug]       Load.loadTransitive: finalizeProject(Project(id root, base: C:\Users\opala\IdeaProjects\Assignment6, plugins: List(<none>))) took 35.5685ms
[debug] [Loading] Done in C:\Users\opala\IdeaProjects\Assignment6, returning: (root)
[debug]     Load.loadUnit: loadedProjectsRaw took 155.3436ms
[debug]     Load.loadUnit: cleanEvalClasses took 11.2383ms
[debug]   Load.loadUnit(file:/C:/Users/opala/IdeaProjects/Assignment6/, ...) took 1166.3517ms
[debug] Load.apply: load took 1168.6875ms
[debug] Load.apply: resolveProjects took 0.2269ms
[debug] Load.apply: finalTransforms took 26.2691ms
[debug] Load.apply: config.delegates took 0.3257ms
[debug] Load.apply: Def.make(settings)... took 88.5464ms
[debug] Load.apply: structureIndex took 31.7948ms
[debug] Load.apply: mkStreams took 0.0023ms
[info] set current project to Assignment6 (in build file:/C:/Users/opala/IdeaProjects/Assignment6/)
[debug] > Exec(sbtPopOnFailure, None, None)
[debug] > Exec(resumeFromFailure, None, None)
[debug] > Exec(notifyUsersAboutShell, None, None)
[debug] > Exec(iflast shell, None, None)
[debug] > Exec(; set ideaPort in Global := 63040 ; idea-shell, None, None)
[debug] > Exec(set ideaPort in Global := 63040, None, None)
[info] Defining Global / ideaPort
[info] The new value will be used by Compile / compile, Test / compile
[debug] Defining 
[debug] 	Global / ideaPort
[debug] 
[debug] The new value will be used by 
[debug] 	Compile / compile
[debug] 	Test / compile
[info] Reapplying settings...
[info] set current project to Assignment6 (in build file:/C:/Users/opala/IdeaProjects/Assignment6/)
[debug] > Exec(idea-shell, None, None)
