[debug] > Exec(early(addDefaultCommands), None, None)
[debug] > Exec(addDefaultCommands, None, None)
[debug] > Exec(early(initialize), None, None)
[debug] > Exec(initialize, None, None)
[debug] > Exec(early(addPluginSbtFile="""C:\Users\opala\AppData\Local\Temp\idea1.sbt"""), None, None)
[debug] > Exec(addPluginSbtFile="""C:\Users\opala\AppData\Local\Temp\idea1.sbt""", None, None)
[debug] > Exec(boot, None, None)
[debug] > Exec(writeSbtVersion, None, None)
[debug] > Exec(reload, None, None)
[debug] > Exec(sbtStashOnFailure, None, None)
[debug] > Exec(onFailure loadFailed, None, None)
[debug] > Exec(loadp, None, None)
[info] welcome to sbt 1.8.2 (Oracle Corporation Java 19.0.2)
[debug]       Load.loadUnit: plugins took 241.6439ms
[debug]       Load.loadUnit: defsScala took 0.5433ms
[debug] [Loading] Scanning directory C:\Users\opala\.sbt\1.0\plugins
[debug] [Loading] Found non-root projects 
[debug] [Loading] Done in C:\Users\opala\.sbt\1.0\plugins, returning: ()
[debug] deducing auto plugins based on known facts Set(Atom(sbt.plugins.CorePlugin)) and clauses Clauses(Clause(Atom(sbt.plugins.JvmPlugin),Set(Atom(sbt.plugins.IvyPlugin)))
[debug] Clause(Atom(sbt.ScriptedPlugin),Set(Atom(sbt.plugins.JvmPlugin)))
[debug] Clause(Atom(sbt.plugins.SbtPlugin),Set(Atom(sbt.ScriptedPlugin)))
[debug] Clause(Atom(sbt.plugins.SemanticdbPlugin),Set(Atom(sbt.plugins.JvmPlugin)))
[debug] Clause(Atom(sbt.plugins.JUnitXmlReportPlugin),Set(Atom(sbt.plugins.JvmPlugin)))
[debug] Clause(Atom(sbt.plugins.MiniDependencyTreePlugin),Set(Atom(sbt.plugins.JvmPlugin)))
[debug] Clause(Atom(sbt.plugins.CorePlugin),Set(Atom(sbt.plugins.IvyPlugin)))
[debug] Clause(Atom(sbt.plugins.IvyPlugin),Set(Atom(sbt.plugins.JvmPlugin)))
[debug] Clause(Atom(sbt.plugins.JvmPlugin),Set(Atom(sbt.plugins.SemanticdbPlugin)))
[debug] Clause(Atom(sbt.plugins.JvmPlugin),Set(Atom(sbt.plugins.JUnitXmlReportPlugin)))
[debug] Clause(Atom(sbt.plugins.CorePlugin),Set(Atom(sbt.plugins.Giter8TemplatePlugin)))
[debug] Clause(Atom(sbt.plugins.JvmPlugin),Set(Atom(sbt.plugins.MiniDependencyTreePlugin))))
[debug]   :: deduced result: Matched(sbt.plugins.CorePlugin,sbt.plugins.Giter8TemplatePlugin,sbt.plugins.IvyPlugin,sbt.plugins.JvmPlugin,sbt.plugins.MiniDependencyTreePlugin,sbt.plugins.JUnitXmlReportPlugin,sbt.plugins.SemanticdbPlugin)
[debug] Plugins.deducer#function took 32.1411 ms
[debug]           Load.resolveProject(global-plugins) took 112.4888ms
[debug]         Load.loadTransitive: finalizeProject(Project(id global-plugins, base: C:\Users\opala\.sbt\1.0\plugins, plugins: List(<none>))) took 189.7772ms
[debug] [Loading] Done in C:\Users\opala\.sbt\1.0\plugins, returning: (global-plugins)
[debug]       Load.loadUnit: loadedProjectsRaw took 241.8554ms
[debug]       Load.loadUnit: cleanEvalClasses took 0.3248ms
[debug]     Load.loadUnit(file:/C:/Users/opala/.sbt/1.0/plugins/, ...) took 521.1133ms
[debug]   Load.apply: load took 943.7182ms
[debug]   Load.apply: resolveProjects took 13.3498ms
[debug]   Load.apply: finalTransforms took 138.8137ms
[debug]   Load.apply: config.delegates took 20.0784ms
[debug]   Load.apply: Def.make(settings)... took 739.3626ms
[debug]   Load.apply: structureIndex took 160.3493ms
[debug]   Load.apply: mkStreams took 1.8213ms
[info] loading global plugins from C:\Users\opala\.sbt\1.0\plugins
[debug] Running task... Cancel: Signal, check cycles: false, forcegc: true
[debug] Load.defaultLoad until apply took 3931.8683ms
[debug]           Load.loadUnit: plugins took 38.009ms
[debug]           Load.loadUnit: defsScala took 0.0055ms
[debug] [Loading] Scanning directory C:\Users\opala\IdeaProjects\Assignment9\project
[debug]             Load.loadUnit: mkEval took 6.8665ms
[debug] [Loading] Found non-root projects 
[debug] [Loading] Done in C:\Users\opala\IdeaProjects\Assignment9\project, returning: ()
[debug] deducing auto plugins based on known facts Set(Atom(sbt.plugins.CorePlugin)) and clauses Clauses(Clause(Atom(sbt.plugins.JvmPlugin),Set(Atom(sbt.plugins.IvyPlugin)))
[debug] Clause(Atom(sbt.ScriptedPlugin),Set(Atom(sbt.plugins.JvmPlugin)))
[debug] Clause(Atom(sbt.plugins.SbtPlugin),Set(Atom(sbt.ScriptedPlugin)))
[debug] Clause(Atom(sbt.plugins.SemanticdbPlugin),Set(Atom(sbt.plugins.JvmPlugin)))
[debug] Clause(Atom(sbt.plugins.JUnitXmlReportPlugin),Set(Atom(sbt.plugins.JvmPlugin)))
[debug] Clause(Atom(sbt.plugins.MiniDependencyTreePlugin),Set(Atom(sbt.plugins.JvmPlugin)))
[debug] Clause(Atom(sbt.plugins.CorePlugin),Set(Atom(sbt.plugins.IvyPlugin)))
[debug] Clause(Atom(sbt.plugins.IvyPlugin),Set(Atom(sbt.plugins.JvmPlugin)))
[debug] Clause(Atom(sbt.plugins.JvmPlugin),Set(Atom(sbt.plugins.SemanticdbPlugin)))
[debug] Clause(Atom(sbt.plugins.JvmPlugin),Set(Atom(sbt.plugins.JUnitXmlReportPlugin)))
[debug] Clause(Atom(sbt.plugins.CorePlugin),Set(Atom(sbt.plugins.Giter8TemplatePlugin)))
[debug] Clause(Atom(sbt.plugins.JvmPlugin),Set(Atom(sbt.plugins.MiniDependencyTreePlugin))))
[debug]   :: deduced result: Matched(sbt.plugins.CorePlugin,sbt.plugins.Giter8TemplatePlugin,sbt.plugins.IvyPlugin,sbt.plugins.JvmPlugin,sbt.plugins.MiniDependencyTreePlugin,sbt.plugins.JUnitXmlReportPlugin,sbt.plugins.SemanticdbPlugin)
[debug] Plugins.deducer#function took 13.6181 ms
[info] loading settings for project assignment9-build from idea1.sbt ...
[debug]               Load.resolveProject(assignment9-build) took 17.709ms
[debug]             Load.loadTransitive: finalizeProject(Project(id assignment9-build, base: C:\Users\opala\IdeaProjects\Assignment9\project, plugins: List(<none>))) took 32.8761ms
[debug] [Loading] Done in C:\Users\opala\IdeaProjects\Assignment9\project, returning: (assignment9-build)
[debug]           Load.loadUnit: loadedProjectsRaw took 261.2061ms
[debug]           Load.loadUnit: cleanEvalClasses took 12.495ms
[debug]         Load.loadUnit(file:/C:/Users/opala/IdeaProjects/Assignment9/project/, ...) took 313.5348ms
[debug]       Load.apply: load took 316.5417ms
[debug]       Load.apply: resolveProjects took 0.2199ms
[debug]       Load.apply: finalTransforms took 17.7473ms
[debug]       Load.apply: config.delegates took 0.8977ms
[debug]       Load.apply: Def.make(settings)... took 123.9989ms
[debug]       Load.apply: structureIndex took 84.3663ms
[debug]       Load.apply: mkStreams took 0.0043ms
[info] loading project definition from C:\Users\opala\IdeaProjects\Assignment9\project
[debug] Running task... Cancel: Signal, check cycles: false, forcegc: true
[debug]     Load.loadUnit: plugins took 1154.4976ms
[debug]     Load.loadUnit: defsScala took 0.0043ms
[debug] [Loading] Scanning directory C:\Users\opala\IdeaProjects\Assignment9
[debug]       Load.loadUnit: mkEval took 0.6563ms
[debug] [Loading] Found root project root w/ remaining 
[debug] deducing auto plugins based on known facts Set(Atom(sbt.plugins.CorePlugin)) and clauses Clauses(Clause(Atom(sbt.plugins.JvmPlugin),Set(Atom(sbt.plugins.IvyPlugin)))
[debug] Clause(Atom(sbt.ScriptedPlugin),Set(Atom(sbt.plugins.JvmPlugin)))
[debug] Clause(Atom(sbt.plugins.SbtPlugin),Set(Atom(sbt.ScriptedPlugin)))
[debug] Clause(Atom(sbt.plugins.SemanticdbPlugin),Set(Atom(sbt.plugins.JvmPlugin)))
[debug] Clause(Atom(sbt.plugins.JUnitXmlReportPlugin),Set(Atom(sbt.plugins.JvmPlugin)))
[debug] Clause(Atom(sbt.plugins.MiniDependencyTreePlugin),Set(Atom(sbt.plugins.JvmPlugin)))
[debug] Clause(Atom(org.jetbrains.sbt.StructurePlugin),Set(Atom(sbt.plugins.JvmPlugin)))
[debug] Clause(Atom(org.jetbrains.sbt.IdeaShellPlugin),Set(Atom(sbt.plugins.JvmPlugin)))
[debug] Clause(Atom(org.jetbrains.sbt.indices.SbtIntellijIndicesPlugin),Set(Atom(sbt.plugins.JvmPlugin)))
[debug] Clause(Atom(sbt.plugins.CorePlugin),Set(Atom(sbt.plugins.IvyPlugin)))
[debug] Clause(Atom(sbt.plugins.IvyPlugin),Set(Atom(sbt.plugins.JvmPlugin)))
[debug] Clause(Atom(sbt.plugins.JvmPlugin),Set(Atom(sbt.plugins.SemanticdbPlugin)))
[debug] Clause(Atom(sbt.plugins.JvmPlugin),Set(Atom(sbt.plugins.JUnitXmlReportPlugin)))
[debug] Clause(Atom(sbt.plugins.CorePlugin),Set(Atom(sbt.plugins.Giter8TemplatePlugin)))
[debug] Clause(Atom(sbt.plugins.JvmPlugin),Set(Atom(sbt.plugins.MiniDependencyTreePlugin)))
[debug] Clause(Atom(sbt.plugins.JvmPlugin),Set(Atom(org.jetbrains.sbt.StructurePlugin)))
[debug] Clause(Atom(sbt.plugins.JvmPlugin),Set(Atom(org.jetbrains.sbt.IdeaShellPlugin)))
[debug] Clause(And(Set(Atom(sbt.plugins.CorePlugin), Atom(sbt.plugins.JvmPlugin))),Set(Atom(org.jetbrains.sbt.indices.SbtIntellijIndicesPlugin))))
[debug]   :: deduced result: Matched(sbt.plugins.CorePlugin,sbt.plugins.Giter8TemplatePlugin,sbt.plugins.IvyPlugin,sbt.plugins.JvmPlugin,sbt.plugins.SemanticdbPlugin,org.jetbrains.sbt.indices.SbtIntellijIndicesPlugin,sbt.plugins.JUnitXmlReportPlugin,org.jetbrains.sbt.IdeaShellPlugin,org.jetbrains.sbt.StructurePlugin,sbt.plugins.MiniDependencyTreePlugin)
[debug] Plugins.deducer#function took 3.6739 ms
[info] loading settings for project root from build.sbt ...
[debug]         Load.resolveProject(root) took 46.6619ms
[debug]       Load.loadTransitive: finalizeProject(Project(id root, base: C:\Users\opala\IdeaProjects\Assignment9, plugins: List(<none>))) took 52.6218ms
[debug] [Loading] Done in C:\Users\opala\IdeaProjects\Assignment9, returning: (root)
[debug]     Load.loadUnit: loadedProjectsRaw took 215.1793ms
[debug]     Load.loadUnit: cleanEvalClasses took 15.5685ms
[debug]   Load.loadUnit(file:/C:/Users/opala/IdeaProjects/Assignment9/, ...) took 1386.7322ms
[debug] Load.apply: load took 1390.6951ms
[debug] Load.apply: resolveProjects took 0.1229ms
[debug] Load.apply: finalTransforms took 35.4761ms
[debug] Load.apply: config.delegates took 0.395ms
[debug] Load.apply: Def.make(settings)... took 276.5716ms
[debug] Load.apply: structureIndex took 60.0333ms
[debug] Load.apply: mkStreams took 0.0031ms
[info] set current project to Assignment9 (in build file:/C:/Users/opala/IdeaProjects/Assignment9/)
[debug] > Exec(sbtPopOnFailure, None, None)
[debug] > Exec(resumeFromFailure, None, None)
[debug] > Exec(notifyUsersAboutShell, None, None)
[debug] > Exec(iflast shell, None, None)
[debug] > Exec(; set ideaPort in Global := 54975 ; idea-shell, None, None)
[debug] > Exec(set ideaPort in Global := 54975, None, None)
[info] Defining Global / ideaPort
[info] The new value will be used by Compile / compile, Test / compile
[debug] Defining 
[debug] 	Global / ideaPort
[debug] 
[debug] The new value will be used by 
[debug] 	Compile / compile
[debug] 	Test / compile
[info] Reapplying settings...
[info] set current project to Assignment9 (in build file:/C:/Users/opala/IdeaProjects/Assignment9/)
[debug] > Exec(idea-shell, None, None)
