[debug] > Exec(early(addDefaultCommands), None, None)
[debug] > Exec(addDefaultCommands, None, None)
[debug] > Exec(early(initialize), None, None)
[debug] > Exec(initialize, None, None)
[debug] > Exec(early(addPluginSbtFile="""C:\Users\opala\AppData\Local\Temp\idea2.sbt"""), None, None)
[debug] > Exec(addPluginSbtFile="""C:\Users\opala\AppData\Local\Temp\idea2.sbt""", None, None)
[debug] > Exec(boot, None, None)
[debug] > Exec(writeSbtVersion, None, None)
[debug] > Exec(reload, None, None)
[debug] > Exec(sbtStashOnFailure, None, None)
[debug] > Exec(onFailure loadFailed, None, None)
[debug] > Exec(loadp, None, None)
[info] welcome to sbt 1.8.2 (Oracle Corporation Java 19.0.2)
[debug]       Load.loadUnit: plugins took 167.1488ms
[debug]       Load.loadUnit: defsScala took 0.5434ms
[debug] [Loading] Scanning directory C:\Users\opala\.sbt\1.0\plugins
[debug] [Loading] Found non-root projects 
[debug] [Loading] Done in C:\Users\opala\.sbt\1.0\plugins, returning: ()
[debug] deducing auto plugins based on known facts Set(Atom(sbt.plugins.CorePlugin)) and clauses Clauses(Clause(Atom(sbt.plugins.JvmPlugin),Set(Atom(sbt.plugins.IvyPlugin)))
[debug] Clause(Atom(sbt.ScriptedPlugin),Set(Atom(sbt.plugins.JvmPlugin)))
[debug] Clause(Atom(sbt.plugins.SbtPlugin),Set(Atom(sbt.ScriptedPlugin)))
[debug] Clause(Atom(sbt.plugins.SemanticdbPlugin),Set(Atom(sbt.plugins.JvmPlugin)))
[debug] Clause(Atom(sbt.plugins.JUnitXmlReportPlugin),Set(Atom(sbt.plugins.JvmPlugin)))
[debug] Clause(Atom(sbt.plugins.MiniDependencyTreePlugin),Set(Atom(sbt.plugins.JvmPlugin)))
[debug] Clause(Atom(sbt.plugins.CorePlugin),Set(Atom(sbt.plugins.IvyPlugin)))
[debug] Clause(Atom(sbt.plugins.IvyPlugin),Set(Atom(sbt.plugins.JvmPlugin)))
[debug] Clause(Atom(sbt.plugins.JvmPlugin),Set(Atom(sbt.plugins.SemanticdbPlugin)))
[debug] Clause(Atom(sbt.plugins.JvmPlugin),Set(Atom(sbt.plugins.JUnitXmlReportPlugin)))
[debug] Clause(Atom(sbt.plugins.CorePlugin),Set(Atom(sbt.plugins.Giter8TemplatePlugin)))
[debug] Clause(Atom(sbt.plugins.JvmPlugin),Set(Atom(sbt.plugins.MiniDependencyTreePlugin))))
[debug]   :: deduced result: Matched(sbt.plugins.CorePlugin,sbt.plugins.Giter8TemplatePlugin,sbt.plugins.IvyPlugin,sbt.plugins.JvmPlugin,sbt.plugins.MiniDependencyTreePlugin,sbt.plugins.JUnitXmlReportPlugin,sbt.plugins.SemanticdbPlugin)
[debug] Plugins.deducer#function took 29.1121 ms
[debug]           Load.resolveProject(global-plugins) took 56.7493ms
[debug]         Load.loadTransitive: finalizeProject(Project(id global-plugins, base: C:\Users\opala\.sbt\1.0\plugins, plugins: List(<none>))) took 121.2313ms
[debug] [Loading] Done in C:\Users\opala\.sbt\1.0\plugins, returning: (global-plugins)
[debug]       Load.loadUnit: loadedProjectsRaw took 161.0571ms
[debug]       Load.loadUnit: cleanEvalClasses took 0.2755ms
[debug]     Load.loadUnit(file:/C:/Users/opala/.sbt/1.0/plugins/, ...) took 344.6588ms
[debug]   Load.apply: load took 653.2091ms
[debug]   Load.apply: resolveProjects took 6.6891ms
[debug]   Load.apply: finalTransforms took 83.0846ms
[debug]   Load.apply: config.delegates took 9.9797ms
[debug]   Load.apply: Def.make(settings)... took 577.8358ms
[debug]   Load.apply: structureIndex took 148.5971ms
[debug]   Load.apply: mkStreams took 2.5175ms
[info] loading global plugins from C:\Users\opala\.sbt\1.0\plugins
[debug] Running task... Cancel: Signal, check cycles: false, forcegc: true
[debug] Load.defaultLoad until apply took 3476.5818ms
[debug]           Load.loadUnit: plugins took 37.8193ms
[debug]           Load.loadUnit: defsScala took 0.0098ms
[debug] [Loading] Scanning directory C:\Users\opala\IdeaProjects\Assignment9\project
[debug]             Load.loadUnit: mkEval took 8.2717ms
[debug] [Loading] Found non-root projects 
[debug] [Loading] Done in C:\Users\opala\IdeaProjects\Assignment9\project, returning: ()
[debug] deducing auto plugins based on known facts Set(Atom(sbt.plugins.CorePlugin)) and clauses Clauses(Clause(Atom(sbt.plugins.JvmPlugin),Set(Atom(sbt.plugins.IvyPlugin)))
[debug] Clause(Atom(sbt.ScriptedPlugin),Set(Atom(sbt.plugins.JvmPlugin)))
[debug] Clause(Atom(sbt.plugins.SbtPlugin),Set(Atom(sbt.ScriptedPlugin)))
[debug] Clause(Atom(sbt.plugins.SemanticdbPlugin),Set(Atom(sbt.plugins.JvmPlugin)))
[debug] Clause(Atom(sbt.plugins.JUnitXmlReportPlugin),Set(Atom(sbt.plugins.JvmPlugin)))
[debug] Clause(Atom(sbt.plugins.MiniDependencyTreePlugin),Set(Atom(sbt.plugins.JvmPlugin)))
[debug] Clause(Atom(sbt.plugins.CorePlugin),Set(Atom(sbt.plugins.IvyPlugin)))
[debug] Clause(Atom(sbt.plugins.IvyPlugin),Set(Atom(sbt.plugins.JvmPlugin)))
[debug] Clause(Atom(sbt.plugins.JvmPlugin),Set(Atom(sbt.plugins.SemanticdbPlugin)))
[debug] Clause(Atom(sbt.plugins.JvmPlugin),Set(Atom(sbt.plugins.JUnitXmlReportPlugin)))
[debug] Clause(Atom(sbt.plugins.CorePlugin),Set(Atom(sbt.plugins.Giter8TemplatePlugin)))
[debug] Clause(Atom(sbt.plugins.JvmPlugin),Set(Atom(sbt.plugins.MiniDependencyTreePlugin))))
[debug]   :: deduced result: Matched(sbt.plugins.CorePlugin,sbt.plugins.Giter8TemplatePlugin,sbt.plugins.IvyPlugin,sbt.plugins.JvmPlugin,sbt.plugins.MiniDependencyTreePlugin,sbt.plugins.JUnitXmlReportPlugin,sbt.plugins.SemanticdbPlugin)
[debug] Plugins.deducer#function took 3.1212 ms
[info] loading settings for project assignment9-build from idea2.sbt ...
[debug]               Load.resolveProject(assignment9-build) took 5.5106ms
[debug]             Load.loadTransitive: finalizeProject(Project(id assignment9-build, base: C:\Users\opala\IdeaProjects\Assignment9\project, plugins: List(<none>))) took 9.3581ms
[debug] [Loading] Done in C:\Users\opala\IdeaProjects\Assignment9\project, returning: (assignment9-build)
[debug]           Load.loadUnit: loadedProjectsRaw took 196.0664ms
[debug]           Load.loadUnit: cleanEvalClasses took 8.9218ms
[debug]         Load.loadUnit(file:/C:/Users/opala/IdeaProjects/Assignment9/project/, ...) took 244.4273ms
[debug]       Load.apply: load took 247.4018ms
[debug]       Load.apply: resolveProjects took 0.2538ms
[debug]       Load.apply: finalTransforms took 19.0787ms
[debug]       Load.apply: config.delegates took 0.677ms
[debug]       Load.apply: Def.make(settings)... took 121.929ms
[debug]       Load.apply: structureIndex took 37.823ms
[debug]       Load.apply: mkStreams took 0.0027ms
[info] loading project definition from C:\Users\opala\IdeaProjects\Assignment9\project
[debug] Running task... Cancel: Signal, check cycles: false, forcegc: true
[debug]     Load.loadUnit: plugins took 1123.358ms
[debug]     Load.loadUnit: defsScala took 0.005ms
[debug] [Loading] Scanning directory C:\Users\opala\IdeaProjects\Assignment9
[debug]       Load.loadUnit: mkEval took 0.3655ms
[debug] [Loading] Found root project root w/ remaining 
[debug] deducing auto plugins based on known facts Set(Atom(sbt.plugins.CorePlugin)) and clauses Clauses(Clause(Atom(sbt.plugins.JvmPlugin),Set(Atom(sbt.plugins.IvyPlugin)))
[debug] Clause(Atom(sbt.ScriptedPlugin),Set(Atom(sbt.plugins.JvmPlugin)))
[debug] Clause(Atom(sbt.plugins.SbtPlugin),Set(Atom(sbt.ScriptedPlugin)))
[debug] Clause(Atom(sbt.plugins.SemanticdbPlugin),Set(Atom(sbt.plugins.JvmPlugin)))
[debug] Clause(Atom(sbt.plugins.JUnitXmlReportPlugin),Set(Atom(sbt.plugins.JvmPlugin)))
[debug] Clause(Atom(sbt.plugins.MiniDependencyTreePlugin),Set(Atom(sbt.plugins.JvmPlugin)))
[debug] Clause(Atom(org.jetbrains.sbt.StructurePlugin),Set(Atom(sbt.plugins.JvmPlugin)))
[debug] Clause(Atom(org.jetbrains.sbt.IdeaShellPlugin),Set(Atom(sbt.plugins.JvmPlugin)))
[debug] Clause(Atom(org.jetbrains.sbt.indices.SbtIntellijIndicesPlugin),Set(Atom(sbt.plugins.JvmPlugin)))
[debug] Clause(Atom(sbt.plugins.CorePlugin),Set(Atom(sbt.plugins.IvyPlugin)))
[debug] Clause(Atom(sbt.plugins.IvyPlugin),Set(Atom(sbt.plugins.JvmPlugin)))
[debug] Clause(Atom(sbt.plugins.JvmPlugin),Set(Atom(sbt.plugins.SemanticdbPlugin)))
[debug] Clause(Atom(sbt.plugins.JvmPlugin),Set(Atom(sbt.plugins.JUnitXmlReportPlugin)))
[debug] Clause(Atom(sbt.plugins.CorePlugin),Set(Atom(sbt.plugins.Giter8TemplatePlugin)))
[debug] Clause(Atom(sbt.plugins.JvmPlugin),Set(Atom(sbt.plugins.MiniDependencyTreePlugin)))
[debug] Clause(Atom(sbt.plugins.JvmPlugin),Set(Atom(org.jetbrains.sbt.StructurePlugin)))
[debug] Clause(Atom(sbt.plugins.JvmPlugin),Set(Atom(org.jetbrains.sbt.IdeaShellPlugin)))
[debug] Clause(And(Set(Atom(sbt.plugins.CorePlugin), Atom(sbt.plugins.JvmPlugin))),Set(Atom(org.jetbrains.sbt.indices.SbtIntellijIndicesPlugin))))
[debug]   :: deduced result: Matched(sbt.plugins.CorePlugin,sbt.plugins.Giter8TemplatePlugin,sbt.plugins.IvyPlugin,sbt.plugins.JvmPlugin,sbt.plugins.SemanticdbPlugin,org.jetbrains.sbt.indices.SbtIntellijIndicesPlugin,sbt.plugins.JUnitXmlReportPlugin,org.jetbrains.sbt.IdeaShellPlugin,org.jetbrains.sbt.StructurePlugin,sbt.plugins.MiniDependencyTreePlugin)
[debug] Plugins.deducer#function took 3.7992 ms
[info] loading settings for project root from build.sbt ...
[debug]         Load.resolveProject(root) took 48.3205ms
[debug]       Load.loadTransitive: finalizeProject(Project(id root, base: C:\Users\opala\IdeaProjects\Assignment9, plugins: List(<none>))) took 54.4993ms
[debug] [Loading] Done in C:\Users\opala\IdeaProjects\Assignment9, returning: (root)
[debug]     Load.loadUnit: loadedProjectsRaw took 145.9887ms
[debug]     Load.loadUnit: cleanEvalClasses took 12.0495ms
[debug]   Load.loadUnit(file:/C:/Users/opala/IdeaProjects/Assignment9/, ...) took 1282.4789ms
[debug] Load.apply: load took 1285.1343ms
[debug] Load.apply: resolveProjects took 0.2463ms
[debug] Load.apply: finalTransforms took 36.6277ms
[debug] Load.apply: config.delegates took 0.6445ms
[debug] Load.apply: Def.make(settings)... took 94.3212ms
[debug] Load.apply: structureIndex took 35.1414ms
[debug] Load.apply: mkStreams took 0.0024ms
[info] set current project to Assignment9 (in build file:/C:/Users/opala/IdeaProjects/Assignment9/)
[debug] > Exec(sbtPopOnFailure, None, None)
[debug] > Exec(resumeFromFailure, None, None)
[debug] > Exec(notifyUsersAboutShell, None, None)
[debug] > Exec(iflast shell, None, None)
[debug] > Exec(; set ideaPort in Global := 50829 ; idea-shell, None, None)
[debug] > Exec(set ideaPort in Global := 50829, None, None)
[info] Defining Global / ideaPort
[info] The new value will be used by Compile / compile, Test / compile
[debug] Defining 
[debug] 	Global / ideaPort
[debug] 
[debug] The new value will be used by 
[debug] 	Compile / compile
[debug] 	Test / compile
[info] Reapplying settings...
[info] set current project to Assignment9 (in build file:/C:/Users/opala/IdeaProjects/Assignment9/)
[debug] > Exec(idea-shell, None, None)
